TN:
SF:/var/www/html/dev/StorageManager/src/index.js
FNF:0
FNH:0
LF:0
LH:0
BRF:0
BRH:0
end_of_record
TN:
SF:/var/www/html/dev/StorageManager/src/core/StorageManager.js
FN:7,(anonymous_0)
FN:11,(anonymous_1)
FN:22,(anonymous_2)
FN:28,(anonymous_3)
FNF:4
FNH:0
FNDA:0,(anonymous_0)
FNDA:0,(anonymous_1)
FNDA:0,(anonymous_2)
FNDA:0,(anonymous_3)
DA:8,0
DA:9,0
DA:12,0
DA:14,0
DA:15,0
DA:17,0
DA:20,0
DA:23,0
DA:25,0
DA:26,0
DA:28,0
DA:29,0
DA:34,3
DA:35,3
DA:36,3
DA:37,3
LF:16
LH:4
BRDA:14,0,0,0
BRDA:14,0,1,0
BRDA:25,1,0,0
BRDA:25,1,1,0
BRF:4
BRH:0
end_of_record
TN:
SF:/var/www/html/dev/StorageManager/src/core/tests/StorageManager.spec.js
FN:3,(anonymous_0)
FNF:1
FNH:1
FNDA:1,(anonymous_0)
DA:3,1
LF:1
LH:1
BRF:0
BRH:0
end_of_record
TN:
SF:/var/www/html/dev/StorageManager/src/stores/BrowserStore.js
FN:10,(anonymous_0)
FN:16,(anonymous_1)
FN:18,(anonymous_2)
FNF:3
FNH:0
FNDA:0,(anonymous_0)
FNDA:0,(anonymous_1)
FNDA:0,(anonymous_2)
DA:3,5
DA:11,0
DA:13,0
DA:14,0
LF:4
LH:1
BRF:0
BRH:0
end_of_record
TN:
SF:/var/www/html/dev/StorageManager/src/stores/MemoryStore.js
FN:4,(anonymous_0)
FN:5,(anonymous_1)
FN:12,(anonymous_2)
FN:14,(anonymous_3)
FNF:4
FNH:0
FNDA:0,(anonymous_0)
FNDA:0,(anonymous_1)
FNDA:0,(anonymous_2)
FNDA:0,(anonymous_3)
DA:5,0
DA:6,0
DA:7,0
DA:10,0
DA:13,0
DA:14,0
LF:6
LH:0
BRDA:6,0,0,0
BRDA:6,0,1,0
BRF:2
BRH:0
end_of_record
TN:
SF:/var/www/html/dev/StorageManager/src/stores/RemoteStore.js
FNF:0
FNH:0
LF:0
LH:0
BRF:0
BRH:0
end_of_record
TN:
SF:/var/www/html/dev/StorageManager/src/stores/tests/BrowserStore.spec.js
FN:3,(anonymous_0)
FNF:1
FNH:1
FNDA:1,(anonymous_0)
DA:3,1
LF:1
LH:1
BRF:0
BRH:0
end_of_record
TN:
SF:/var/www/html/dev/StorageManager/src/stores/tests/MemoryStore.spec.js
FN:3,(anonymous_0)
FNF:1
FNH:1
FNDA:1,(anonymous_0)
DA:3,1
LF:1
LH:1
BRF:0
BRH:0
end_of_record
TN:
SF:/var/www/html/dev/StorageManager/src/stores/tests/RemoteStore.spec.js
FN:3,(anonymous_0)
FNF:1
FNH:1
FNDA:1,(anonymous_0)
DA:3,1
LF:1
LH:1
BRF:0
BRH:0
end_of_record
TN:
SF:/var/www/html/dev/StorageManager/src/util/EventManager.js
FN:5,(anonymous_0)
FN:9,(anonymous_1)
FN:21,(anonymous_2)
FN:62,(anonymous_3)
FN:64,on
FN:72,(anonymous_5)
FNF:6
FNH:6
FNDA:8,(anonymous_0)
FNDA:23,(anonymous_1)
FNDA:2,(anonymous_2)
FNDA:1,(anonymous_3)
FNDA:1,on
FNDA:10,(anonymous_5)
DA:6,8
DA:7,8
DA:10,23
DA:11,23
DA:12,0
DA:13,0
DA:16,23
DA:19,23
DA:22,2
DA:25,2
DA:26,0
DA:27,0
DA:31,2
DA:32,0
DA:33,0
DA:35,0
DA:38,2
DA:41,2
DA:42,0
DA:44,2
DA:45,0
DA:46,0
DA:51,2
DA:52,2
DA:53,2
DA:54,2
DA:55,2
DA:56,2
DA:60,2
DA:63,1
DA:65,1
DA:66,1
DA:68,1
DA:69,1
DA:70,1
DA:73,10
DA:74,10
DA:75,10
DA:76,10
DA:77,12
LF:40
LH:30
BRDA:11,0,0,0
BRDA:11,0,1,23
BRDA:16,1,0,23
BRDA:16,1,1,20
BRDA:25,2,0,0
BRDA:25,2,1,2
BRDA:31,3,0,0
BRDA:31,3,1,2
BRDA:41,4,0,0
BRDA:41,4,1,2
BRDA:44,5,0,0
BRDA:44,5,1,2
BRDA:54,6,0,2
BRDA:54,6,1,0
BRDA:54,7,0,2
BRDA:54,7,1,0
BRDA:75,8,0,10
BRDA:75,8,1,0
BRF:18
BRH:10
end_of_record
TN:
SF:/var/www/html/dev/StorageManager/src/util/Logger.js
FN:10,warn
FN:13,error
FN:16,log
FNF:3
FNH:3
FNDA:1,warn
FNDA:1,error
FNDA:1,log
DA:6,2
DA:7,2
DA:8,2
DA:11,1
DA:14,1
DA:17,1
LF:6
LH:6
BRF:0
BRH:0
end_of_record
TN:
SF:/var/www/html/dev/StorageManager/src/util/Observable.js
FN:12,(anonymous_0)
FN:29,(anonymous_1)
FN:36,(anonymous_2)
FN:41,(anonymous_3)
FNF:4
FNH:4
FNDA:4,(anonymous_0)
FNDA:2,(anonymous_1)
FNDA:1,(anonymous_2)
FNDA:1,(anonymous_3)
DA:4,11
DA:13,4
DA:14,4
DA:15,4
DA:17,4
DA:24,4
DA:25,4
DA:26,4
DA:27,4
DA:30,2
DA:31,2
DA:32,2
DA:33,2
DA:34,2
DA:37,1
DA:38,1
DA:39,1
DA:42,1
DA:43,1
LF:19
LH:19
BRDA:18,0,0,4
BRDA:18,0,1,0
BRDA:19,1,0,4
BRDA:19,1,1,4
BRDA:20,2,0,4
BRDA:20,2,1,4
BRDA:21,3,0,4
BRDA:21,3,1,4
BRF:8
BRH:7
end_of_record
TN:
SF:/var/www/html/dev/StorageManager/src/util/tests/EventManager.spec.js
FN:6,(anonymous_0)
FN:12,(anonymous_1)
FN:18,(anonymous_2)
FN:25,(anonymous_3)
FN:32,(anonymous_4)
FN:37,(anonymous_5)
FNF:6
FNH:6
FNDA:1,(anonymous_0)
FNDA:4,(anonymous_1)
FNDA:1,(anonymous_2)
FNDA:1,(anonymous_3)
FNDA:1,(anonymous_4)
FNDA:1,(anonymous_5)
DA:4,1
DA:6,1
DA:10,1
DA:12,1
DA:13,4
DA:14,4
DA:15,4
DA:18,1
DA:19,1
DA:20,1
DA:22,1
DA:23,1
DA:25,1
DA:26,1
DA:27,1
DA:28,1
DA:30,1
DA:32,1
DA:33,1
DA:34,1
DA:35,1
DA:37,1
DA:38,1
DA:39,1
DA:41,1
DA:42,1
DA:44,1
LF:27
LH:27
BRF:0
BRH:0
end_of_record
TN:
SF:/var/www/html/dev/StorageManager/src/util/tests/Logger.spec.js
FN:3,(anonymous_0)
FN:7,(anonymous_1)
FN:12,(anonymous_2)
FN:17,(anonymous_3)
FNF:4
FNH:4
FNDA:1,(anonymous_0)
FNDA:1,(anonymous_1)
FNDA:1,(anonymous_2)
FNDA:1,(anonymous_3)
DA:3,1
DA:4,1
DA:5,1
DA:7,1
DA:8,1
DA:9,1
DA:10,1
DA:12,1
DA:13,1
DA:14,1
DA:15,1
DA:17,1
DA:18,1
DA:19,1
DA:20,1
LF:15
LH:15
BRF:0
BRH:0
end_of_record
TN:
SF:/var/www/html/dev/StorageManager/src/util/tests/Observable.spec.js
FN:5,(anonymous_0)
FN:10,(anonymous_1)
FN:15,(anonymous_2)
FN:18,(anonymous_3)
FN:31,(anonymous_4)
FN:36,(anonymous_5)
FNF:6
FNH:6
FNDA:1,(anonymous_0)
FNDA:4,(anonymous_1)
FNDA:1,(anonymous_2)
FNDA:1,(anonymous_3)
FNDA:1,(anonymous_4)
FNDA:1,(anonymous_5)
DA:3,1
DA:5,1
DA:6,1
DA:10,1
DA:11,4
DA:12,4
DA:15,1
DA:16,1
DA:18,1
DA:19,1
DA:20,1
DA:22,1
DA:23,1
DA:24,1
DA:25,1
DA:27,1
DA:28,1
DA:29,1
DA:31,1
DA:32,1
DA:33,1
DA:34,1
DA:36,1
DA:37,1
DA:38,1
DA:40,1
DA:41,1
LF:27
LH:27
BRF:0
BRH:0
end_of_record
